<?xml version="1.0" encoding="UTF-8"?>
<testsuite name="MainTest" tests="1" skipped="0" failures="0" errors="0" timestamp="2022-03-11T22:04:31" hostname="Chis-MBP.attlocal.net" time="0.019">
  <properties/>
  <testcase name="canStuffShellWithPearls_NegativeTest()" classname="MainTest" time="0.019"/>
  <system-out><![CDATA[]]></system-out>
  <system-err><![CDATA[]]></system-err>
</testsuite>
